Classic Timing Analyzer report for PROJETO08
Mon May 16 12:37:28 2016
Quartus II Version 7.2 Build 151 09/26/2007 SJ Full Version


---------------------
; Table of Contents ;
---------------------
  1. Legal Notice
  2. Timing Analyzer Summary
  3. Timing Analyzer Settings
  4. tpd
  5. Timing Analyzer Messages



----------------
; Legal Notice ;
----------------
Copyright (C) 1991-2007 Altera Corporation
Your use of Altera Corporation's design tools, logic functions 
and other software and tools, and its AMPP partner logic 
functions, and any output files from any of the foregoing 
(including device programming or simulation files), and any 
associated documentation or information are expressly subject 
to the terms and conditions of the Altera Program License 
Subscription Agreement, Altera MegaCore Function License 
Agreement, or other applicable license agreement, including, 
without limitation, that your use is for the sole purpose of 
programming logic devices manufactured by Altera and sold by 
Altera or its authorized distributors.  Please refer to the 
applicable agreement for further details.



+-----------------------------------------------------------------------------------------------------------------------+
; Timing Analyzer Summary                                                                                               ;
+------------------------------+-------+---------------+-------------+------+----+------------+----------+--------------+
; Type                         ; Slack ; Required Time ; Actual Time ; From ; To ; From Clock ; To Clock ; Failed Paths ;
+------------------------------+-------+---------------+-------------+------+----+------------+----------+--------------+
; Worst-case tpd               ; N/A   ; None          ; 9.531 ns    ; A[0] ; S3 ; --         ; --       ; 0            ;
; Total number of failed paths ;       ;               ;             ;      ;    ;            ;          ; 0            ;
+------------------------------+-------+---------------+-------------+------+----+------------+----------+--------------+


+---------------------------------------------------------------------------------------------------------------+
; Timing Analyzer Settings                                                                                      ;
+----------------------------------------------------------------+--------------------+------+----+-------------+
; Option                                                         ; Setting            ; From ; To ; Entity Name ;
+----------------------------------------------------------------+--------------------+------+----+-------------+
; Device Name                                                    ; EP2C35F672C6       ;      ;    ;             ;
; Timing Models                                                  ; Final              ;      ;    ;             ;
; Default hold multicycle                                        ; Same as Multicycle ;      ;    ;             ;
; Cut paths between unrelated clock domains                      ; On                 ;      ;    ;             ;
; Cut off read during write signal paths                         ; On                 ;      ;    ;             ;
; Cut off feedback from I/O pins                                 ; On                 ;      ;    ;             ;
; Report Combined Fast/Slow Timing                               ; Off                ;      ;    ;             ;
; Ignore Clock Settings                                          ; Off                ;      ;    ;             ;
; Analyze latches as synchronous elements                        ; On                 ;      ;    ;             ;
; Enable Recovery/Removal analysis                               ; Off                ;      ;    ;             ;
; Enable Clock Latency                                           ; Off                ;      ;    ;             ;
; Use TimeQuest Timing Analyzer                                  ; Off                ;      ;    ;             ;
; Number of source nodes to report per destination node          ; 10                 ;      ;    ;             ;
; Number of destination nodes to report                          ; 10                 ;      ;    ;             ;
; Number of paths to report                                      ; 200                ;      ;    ;             ;
; Report Minimum Timing Checks                                   ; Off                ;      ;    ;             ;
; Use Fast Timing Models                                         ; Off                ;      ;    ;             ;
; Report IO Paths Separately                                     ; Off                ;      ;    ;             ;
; Perform Multicorner Analysis                                   ; On                 ;      ;    ;             ;
; Reports the worst-case path for each clock domain and analysis ; Off                ;      ;    ;             ;
+----------------------------------------------------------------+--------------------+------+----+-------------+


+---------------------------------------------------------+
; tpd                                                     ;
+-------+-------------------+-----------------+------+----+
; Slack ; Required P2P Time ; Actual P2P Time ; From ; To ;
+-------+-------------------+-----------------+------+----+
; N/A   ; None              ; 9.531 ns        ; A[0] ; S3 ;
; N/A   ; None              ; 9.295 ns        ; A[0] ; S1 ;
; N/A   ; None              ; 9.257 ns        ; A[0] ; S2 ;
; N/A   ; None              ; 9.254 ns        ; A[0] ; S0 ;
; N/A   ; None              ; 5.692 ns        ; A[1] ; S3 ;
; N/A   ; None              ; 5.455 ns        ; A[1] ; S1 ;
; N/A   ; None              ; 5.446 ns        ; A[1] ; S2 ;
; N/A   ; None              ; 5.445 ns        ; A[1] ; S0 ;
; N/A   ; None              ; 5.419 ns        ; E    ; S3 ;
; N/A   ; None              ; 5.183 ns        ; E    ; S1 ;
; N/A   ; None              ; 5.175 ns        ; E    ; S2 ;
; N/A   ; None              ; 5.173 ns        ; E    ; S0 ;
+-------+-------------------+-----------------+------+----+


+--------------------------+
; Timing Analyzer Messages ;
+--------------------------+
Info: *******************************************************************
Info: Running Quartus II Classic Timing Analyzer
    Info: Version 7.2 Build 151 09/26/2007 SJ Full Version
    Info: Processing started: Mon May 16 12:37:28 2016
Info: Command: quartus_tan --read_settings_files=off --write_settings_files=off PROJETO08 -c PROJETO08 --timing_analysis_only
Info: Longest tpd from source pin "A[0]" to destination pin "S3" is 9.531 ns
    Info: 1: + IC(0.000 ns) + CELL(0.850 ns) = 0.850 ns; Loc. = PIN_B11; Fanout = 4; PIN Node = 'A[0]'
    Info: 2: + IC(4.806 ns) + CELL(0.271 ns) = 5.927 ns; Loc. = LCCOMB_X30_Y35_N6; Fanout = 1; COMB Node = 'S3~3'
    Info: 3: + IC(0.786 ns) + CELL(2.818 ns) = 9.531 ns; Loc. = PIN_J11; Fanout = 0; PIN Node = 'S3'
    Info: Total cell delay = 3.939 ns ( 41.33 % )
    Info: Total interconnect delay = 5.592 ns ( 58.67 % )
Info: Quartus II Classic Timing Analyzer was successful. 0 errors, 0 warnings
    Info: Allocated 173 megabytes of memory during processing
    Info: Processing ended: Mon May 16 12:37:28 2016
    Info: Elapsed time: 00:00:00


